#
# A fatal error has been detected by the Java Runtime Environment:
#
#  Internal Error (javaClasses.cpp:126), pid=4348, tid=2080
#  fatal error: Invalid layout of preloaded class
#
# JRE version:  (8.0_25-b18) (build )
# Java VM: Java HotSpot(TM) 64-Bit Server VM (25.25-b02 mixed mode windows-amd64 compressed oops)
# Failed to write core dump. Minidumps are not enabled by default on client versions of Windows
#
# If you would like to submit a bug report, please visit:
#   http://bugreport.sun.com/bugreport/crash.jsp
#

---------------  T H R E A D  ---------------

Current thread (0x0000000002272800):  JavaThread "Unknown thread" [_thread_in_vm, id=2080, stack(0x0000000001da0000,0x0000000001ea0000)]

Stack: [0x0000000001da0000,0x0000000001ea0000]
Native frames: (J=compiled Java code, j=interpreted, Vv=VM code, C=native code)
V  [jvm.dll+0x31667a]
V  [jvm.dll+0x267073]
V  [jvm.dll+0x267cb3]
V  [jvm.dll+0x25f536]
V  [jvm.dll+0x5e773]
V  [jvm.dll+0x5e863]
V  [jvm.dll+0x731ca]
V  [jvm.dll+0x73528]
V  [jvm.dll+0xe48b7]
V  [jvm.dll+0xe4c46]
V  [jvm.dll+0x1f9ae7]
V  [jvm.dll+0x22b2e4]
V  [jvm.dll+0x14d571]
C  [javaw.exe+0x20c6]
C  [javaw.exe+0xc9eb]
C  [javaw.exe+0xca7f]
C  [KERNEL32.DLL+0x1842]
C  [ntdll.dll+0x5d609]


---------------  P R O C E S S  ---------------

Java Threads: ( => current thread )

Other Threads:

=>0x0000000002272800 (exited) JavaThread "Unknown thread" [_thread_in_vm, id=2080, stack(0x0000000001da0000,0x0000000001ea0000)]

VM state:not at safepoint (not fully initialized)

VM Mutex/Monitor currently owned by a thread: None

GC Heap History (0 events):
No events

Deoptimization events (0 events):
No events

Internal exceptions (0 events):
No events

Events (10 events):
Event: 0.008 loading class java/lang/CharSequence done
Event: 0.008 loading class java/lang/String done
Event: 0.008 loading class java/lang/Class
Event: 0.008 loading class java/lang/reflect/AnnotatedElement
Event: 0.008 loading class java/lang/reflect/AnnotatedElement done
Event: 0.008 loading class java/lang/reflect/GenericDeclaration
Event: 0.008 loading class java/lang/reflect/GenericDeclaration done
Event: 0.008 loading class java/lang/reflect/Type
Event: 0.008 loading class java/lang/reflect/Type done
Event: 0.008 loading class java/lang/Class done


Dynamic libraries:
0x000007f794480000 - 0x000007f7944b4000 	D:\JDK_8U25\bin\javaw.exe
0x000007fac85e0000 - 0x000007fac87a0000 	C:\WINDOWS\SYSTEM32\ntdll.dll
0x000007fac66b0000 - 0x000007fac67e6000 	C:\WINDOWS\system32\KERNEL32.DLL
0x000007fac55d0000 - 0x000007fac56c4000 	C:\WINDOWS\system32\KERNELBASE.dll
0x000007fac6270000 - 0x000007fac634e000 	C:\WINDOWS\system32\ADVAPI32.dll
0x000007fac5ca0000 - 0x000007fac5dec000 	C:\WINDOWS\system32\USER32.dll
0x000007fac3200000 - 0x000007fac346a000 	C:\WINDOWS\WinSxS\amd64_microsoft.windows.common-controls_6595b64144ccf1df_6.0.9200.16579_none_418ab7ef718b27ef\COMCTL32.dll
0x000007fac6a80000 - 0x000007fac6b25000 	C:\WINDOWS\system32\msvcrt.dll
0x000007fac6800000 - 0x000007fac6848000 	C:\WINDOWS\SYSTEM32\sechost.dll
0x000007fac6b30000 - 0x000007fac6c75000 	C:\WINDOWS\system32\RPCRT4.dll
0x000007fac59b0000 - 0x000007fac5af1000 	C:\WINDOWS\system32\GDI32.dll
0x000007fac7200000 - 0x000007fac7239000 	C:\WINDOWS\system32\IMM32.DLL
0x000007fac6100000 - 0x000007fac6215000 	C:\WINDOWS\system32\MSCTF.dll
0x000000005bca0000 - 0x000000005bd72000 	D:\JDK_8U25\jre\bin\msvcr100.dll
0x000000005c5c0000 - 0x000000005ce1a000 	D:\JDK_8U25\jre\bin\server\jvm.dll
0x000007fac1950000 - 0x000007fac1959000 	C:\WINDOWS\SYSTEM32\WSOCK32.dll
0x000007fac1ac0000 - 0x000007fac1ae0000 	C:\WINDOWS\SYSTEM32\WINMM.dll
0x000007fac7170000 - 0x000007fac7177000 	C:\WINDOWS\system32\PSAPI.DLL
0x000007fac6650000 - 0x000007fac66a8000 	C:\WINDOWS\system32\WS2_32.dll
0x000007fac1a70000 - 0x000007fac1aa2000 	C:\WINDOWS\SYSTEM32\WINMMBASE.dll
0x000007fac67f0000 - 0x000007fac67f9000 	C:\WINDOWS\system32\NSI.dll
0x000000005c4d0000 - 0x000000005c4df000 	D:\JDK_8U25\jre\bin\verify.dll
0x000000005c4a0000 - 0x000000005c4c8000 	D:\JDK_8U25\jre\bin\java.dll
0x000000005c480000 - 0x000000005c496000 	D:\JDK_8U25\jre\bin\zip.dll
0x000007fabaef0000 - 0x000007fabb053000 	C:\WINDOWS\SYSTEM32\dbghelp.dll

VM Arguments:
jvm_args: -Dfile.encoding=UTF-8 -Xbootclasspath:D:\Enviroment\Download\SDK\platforms\android-17\android.jar 
java_command: qlsl.androiddesign.util.commonutil.CalendarUtils
java_class_path (initial): F:\PingHu\PingHu_2015_03_18\library\bin\library_slidingmenu.jar;F:\PingHu\PingHu_2015_03_18\actionbarsherlock\bin\actionbarsherlock.jar;F:\PingHu\PingHu_2015_03_18\AndroidDesign\libs\httpmime-4.2.5.jar;F:\PingHu\PingHu_2015_03_18\AndroidDesign\libs\Android_Map_2.2.0.jar;F:\PingHu\PingHu_2015_03_18\AndroidDesign\libs\SocialSDK_QQZone_2.jar;F:\PingHu\PingHu_2015_03_18\AndroidDesign\libs\umeng_social_sdk.jar;F:\PingHu\PingHu_2015_03_18\AndroidDesign\libs\ormlite-core-4.30.jar;F:\PingHu\PingHu_2015_03_18\AndroidDesign\libs\SocialSDK_tencentWB_3.jar;F:\PingHu\PingHu_2015_03_18\AndroidDesign\libs\SocialSDK_renren_2.jar;F:\PingHu\PingHu_2015_03_18\AndroidDesign\libs\commons-httpclient-3.1.jar;F:\PingHu\PingHu_2015_03_18\AndroidDesign\libs\activation.jar;F:\PingHu\PingHu_2015_03_18\AndroidDesign\libs\Android_Location_V1.3.1.jar;F:\PingHu\PingHu_2015_03_18\AndroidDesign\libs\SocialSDK_QQZone_1.jar;F:\PingHu\PingHu_2015_03_18\AndroidDesign\libs\SocialSDK_Sina.jar;F:\PingHu\PingHu_2015_03_18\AndroidDesign\libs\SocialSDK_tencentWB_2.jar;F:\PingHu\PingHu_2015_03_18\AndroidDesign\libs\core.jar;F:\PingHu\PingHu_2015_03_18\AndroidDesign\libs\SocialSDK_renren_1.jar;F:\PingHu\PingHu_2015_03_18\AndroidDesign\libs\ormlite-android-4.30.jar;F:\PingHu\PingHu_2015_03_18\AndroidDesign\libs\mina-core-2.0.7.jar;F:\PingHu\PingHu_2015_03_18\AndroidDesign\libs\fastjson-1.1.28.jar;F:\PingHu\PingHu_2015_03_18\AndroidDesign\libs\SocialSDK_WeiXin_1.jar;F:\PingHu\PingHu_2015_03_18\AndroidDesign\libs\Android_Services_2.2.0.jar;F:\PingHu\PingHu_2015_03_18\actionbarsherlock\libs\android-support-v4.jar;F:\PingHu\PingHu_2015_03_18\AndroidDesign\libs\SocialSDK_tencentWB_1.jar;F:\PingHu\PingHu_2015_03_18\AndroidDesign\libs\log4j-1.2.17.jar;F:\PingHu\PingHu_2015_03_18\AndroidDesign\libs\httpcore-4.2.4.jar;F:\PingHu\PingHu_2015_03_18\AndroidDesign\libs\SocialSDK_WeiXin_2.jar;F:\PingHu\PingHu_2015_03_18\AndroidDesign\libs\additionnal.jar;F:\PingHu\PingHu_2015_03_18\AndroidDesign\li
Launcher Type: SUN_STANDARD

Environment Variables:
JAVA_HOME=D:\JDK_8U25
CLASSPATH=.;D:\JDK_8U25\lib\tools.jar;D:\JDK_8U25\lib\dt.jar;D:\JDK_8U25\bin;
PATH=D:/JDK_8U25/bin/../jre/bin/server;D:/JDK_8U25/bin/../jre/bin;D:/JDK_8U25/bin/../jre/lib/amd64;D:\JDK_8U25\bin;D:\Enviroment\Download\SDK\tools;C:\ProgramData\Oracle\Java\javapath;C:\Program Files (x86)\NVIDIA Corporation\PhysX\Common;C:\Program Files (x86)\Intel\iCLS Client\;C:\Program Files\Intel\iCLS Client\;C:\WINDOWS\system32;C:\WINDOWS;C:\WINDOWS\System32\Wbem;C:\WINDOWS\System32\WindowsPowerShell\v1.0\;C:\Program Files\Intel\Intel(R) Management Engine Components\DAL;C:\Program Files\Intel\Intel(R) Management Engine Components\IPT;C:\Program Files (x86)\Intel\Intel(R) Management Engine Components\DAL;C:\Program Files (x86)\Intel\Intel(R) Management Engine Components\IPT;;D:\Enviroment\Download\Eclipse\eclipse;
USERNAME=le
OS=Windows_NT
PROCESSOR_IDENTIFIER=Intel64 Family 6 Model 58 Stepping 9, GenuineIntel



---------------  S Y S T E M  ---------------

OS: Windows 8 , 64 bit Build 9200 

CPU:total 4 (2 cores per cpu, 2 threads per core) family 6 model 58 stepping 9, cmov, cx8, fxsr, mmx, sse, sse2, sse3, ssse3, sse4.1, sse4.2, popcnt, avx, aes, clmul, erms, ht, tsc, tscinvbit, tscinv

Memory: 4k page, physical 4140312k(1692736k free), swap 5057816k(1861228k free)

vm_info: Java HotSpot(TM) 64-Bit Server VM (25.25-b02) for windows-amd64 JRE (1.8.0_25-b18), built on Oct  7 2014 14:25:37 by "java_re" with MS VC++ 10.0 (VS2010)

time: Sun Mar 22 17:52:32 2015
elapsed time: 0 seconds (0d 0h 0m 0s)

